{
  "stats": {
    "suites": 0,
    "tests": 1,
    "passes": 0,
    "pending": 0,
    "failures": 1,
    "start": "2023-07-09T14:26:17.274Z",
    "end": "2023-07-09T14:26:26.704Z",
    "duration": 9430,
    "testsRegistered": 1,
    "passPercent": 0,
    "pendingPercent": 0,
    "other": 0,
    "hasOther": false,
    "skipped": 0,
    "hasSkipped": false
  },
  "results": [
    {
      "uuid": "f245fb9e-6e42-42e4-ba66-83a73a3c598c",
      "title": "",
      "fullFile": "cypress/integration/crud_from_cart.ts",
      "file": "cypress/integration/crud_from_cart.ts",
      "beforeHooks": [],
      "afterHooks": [],
      "tests": [
        {
          "title": "Test Add Product",
          "fullTitle": "Test Add Product",
          "timedOut": null,
          "duration": 7358,
          "state": "failed",
          "speed": null,
          "pass": false,
          "fail": true,
          "pending": false,
          "context": null,
          "code": "loginPage.login(URL, 'standard_user', 'secret_sauce');\nloginPage.assertLogin();\ndashboardPage.sauceLabsBackpack();\naddProducts.clickAddToCart();\naddProducts.clickCart();\naddProducts.assertAddToCart();\nremoveProduct.clickRemoveFromCart();\nremoveProduct.assertRemoveFromCart();",
          "err": {
            "message": "AssertionError: Timed out retrying after 4000ms: Expected to find content: 'Your cart' but never did.",
            "estack": "AssertionError: Timed out retrying after 4000ms: Expected to find content: 'Your cart' but never did.\n    at RemoveProduct.assertRemoveFromCart (https://www.saucedemo.com/__cypress/tests?p=cypress\\integration\\crud_from_cart.ts:249:14)\n    at Context.eval (https://www.saucedemo.com/__cypress/tests?p=cypress\\integration\\crud_from_cart.ts:116:19)",
            "diff": null
          },
          "uuid": "ddce9d67-317d-4c2a-8846-8fb4d6d5fa90",
          "parentUUID": "f245fb9e-6e42-42e4-ba66-83a73a3c598c",
          "isHook": false,
          "skipped": false
        }
      ],
      "suites": [],
      "passes": [],
      "failures": [
        "ddce9d67-317d-4c2a-8846-8fb4d6d5fa90"
      ],
      "pending": [],
      "skipped": [],
      "duration": 7358,
      "root": true,
      "rootEmpty": false,
      "_timeout": 2000
    }
  ],
  "meta": {
    "mocha": {
      "version": "7.0.1"
    },
    "mochawesome": {
      "options": {
        "quiet": false,
        "reportFilename": "mochawesome",
        "saveHtml": false,
        "saveJson": true,
        "consoleReporter": "spec",
        "useInlineDiffs": false,
        "code": true
      },
      "version": "7.1.3"
    },
    "marge": {
      "options": {
        "chart": true,
        "overwrite": false,
        "html": false,
        "json": true,
        "reportDir": "cypress/reports"
      },
      "version": "6.2.0"
    }
  }
}