{
  "stats": {
    "suites": 0,
    "tests": 3,
    "passes": 3,
    "pending": 0,
    "failures": 0,
    "start": "2023-07-09T13:57:34.663Z",
    "end": "2023-07-09T13:57:38.950Z",
    "duration": 4287,
    "testsRegistered": 3,
    "passPercent": 100,
    "pendingPercent": 0,
    "other": 0,
    "hasOther": false,
    "skipped": 0,
    "hasSkipped": false
  },
  "results": [
    {
      "uuid": "bfc7f100-68d6-4ff3-aebe-6749a19e2436",
      "title": "",
      "fullFile": "cypress/integration/login.ts",
      "file": "cypress/integration/login.ts",
      "beforeHooks": [],
      "afterHooks": [],
      "tests": [
        {
          "title": "Test LOGIN",
          "fullTitle": "Test LOGIN",
          "timedOut": null,
          "duration": 1363,
          "state": "passed",
          "speed": "fast",
          "pass": true,
          "fail": false,
          "pending": false,
          "context": null,
          "code": "loginPage.login(URL, 'standard_user', 'secret_sauce');\nloginPage.assertLogin();",
          "err": {},
          "uuid": "06a7ee26-2541-4872-a243-1db95fe6a4ea",
          "parentUUID": "bfc7f100-68d6-4ff3-aebe-6749a19e2436",
          "isHook": false,
          "skipped": false
        },
        {
          "title": "Test Sauce Demo Invalid Password",
          "fullTitle": "Test Sauce Demo Invalid Password",
          "timedOut": null,
          "duration": 932,
          "state": "passed",
          "speed": "fast",
          "pass": true,
          "fail": false,
          "pending": false,
          "context": null,
          "code": "loginPage.login(URL, 'standard_user', 'invalidPass');\nloginPage.assertLoginFail();",
          "err": {},
          "uuid": "d842b90c-24cf-417f-a37b-1e59d6f17917",
          "parentUUID": "bfc7f100-68d6-4ff3-aebe-6749a19e2436",
          "isHook": false,
          "skipped": false
        },
        {
          "title": "Test Sauce Demo Sauce labs product backpack",
          "fullTitle": "Test Sauce Demo Sauce labs product backpack",
          "timedOut": null,
          "duration": 936,
          "state": "passed",
          "speed": "fast",
          "pass": true,
          "fail": false,
          "pending": false,
          "context": null,
          "code": "loginPage.login(URL, 'standard_user', 'secret_sauce');\nloginPage.assertLogin();\ndashboardPage.sauceLabsBackpack();",
          "err": {},
          "uuid": "3827789f-5a8e-48f6-acab-f462f45cae04",
          "parentUUID": "bfc7f100-68d6-4ff3-aebe-6749a19e2436",
          "isHook": false,
          "skipped": false
        }
      ],
      "suites": [],
      "passes": [
        "06a7ee26-2541-4872-a243-1db95fe6a4ea",
        "d842b90c-24cf-417f-a37b-1e59d6f17917",
        "3827789f-5a8e-48f6-acab-f462f45cae04"
      ],
      "failures": [],
      "pending": [],
      "skipped": [],
      "duration": 3231,
      "root": true,
      "rootEmpty": false,
      "_timeout": 2000
    }
  ],
  "meta": {
    "mocha": {
      "version": "7.0.1"
    },
    "mochawesome": {
      "options": {
        "quiet": false,
        "reportFilename": "mochawesome",
        "saveHtml": false,
        "saveJson": true,
        "consoleReporter": "spec",
        "useInlineDiffs": false,
        "code": true
      },
      "version": "7.1.3"
    },
    "marge": {
      "options": {
        "chart": true,
        "overwrite": false,
        "html": false,
        "json": true,
        "reportDir": "cypress/reports"
      },
      "version": "6.2.0"
    }
  }
}