{
  "stats": {
    "suites": 0,
    "tests": 1,
    "passes": 1,
    "pending": 0,
    "failures": 0,
    "start": "2023-07-09T14:03:16.491Z",
    "end": "2023-07-09T14:03:21.583Z",
    "duration": 5092,
    "testsRegistered": 1,
    "passPercent": 100,
    "pendingPercent": 0,
    "other": 0,
    "hasOther": false,
    "skipped": 0,
    "hasSkipped": false
  },
  "results": [
    {
      "uuid": "b0ceb7a9-4e3e-48a9-a789-032add85cef9",
      "title": "",
      "fullFile": "cypress/integration/add_product_to_cart.ts",
      "file": "cypress/integration/add_product_to_cart.ts",
      "beforeHooks": [],
      "afterHooks": [],
      "tests": [
        {
          "title": "Test Add Product",
          "fullTitle": "Test Add Product",
          "timedOut": null,
          "duration": 3195,
          "state": "passed",
          "speed": "fast",
          "pass": true,
          "fail": false,
          "pending": false,
          "context": null,
          "code": "loginPage.login(URL, 'standard_user', 'secret_sauce');\nloginPage.assertLogin();\ndashboardPage.sauceLabsBackpack();\naddProducts.clickAddToCart();\naddProducts.clickCart();\naddProducts.assertAddToCart();",
          "err": {},
          "uuid": "342133e8-7d28-4ecb-b768-3092097fefe8",
          "parentUUID": "b0ceb7a9-4e3e-48a9-a789-032add85cef9",
          "isHook": false,
          "skipped": false
        }
      ],
      "suites": [],
      "passes": [
        "342133e8-7d28-4ecb-b768-3092097fefe8"
      ],
      "failures": [],
      "pending": [],
      "skipped": [],
      "duration": 3195,
      "root": true,
      "rootEmpty": false,
      "_timeout": 2000
    }
  ],
  "meta": {
    "mocha": {
      "version": "7.0.1"
    },
    "mochawesome": {
      "options": {
        "quiet": false,
        "reportFilename": "mochawesome",
        "saveHtml": false,
        "saveJson": true,
        "consoleReporter": "spec",
        "useInlineDiffs": false,
        "code": true
      },
      "version": "7.1.3"
    },
    "marge": {
      "options": {
        "chart": true,
        "overwrite": false,
        "html": false,
        "json": true,
        "reportDir": "cypress/reports"
      },
      "version": "6.2.0"
    }
  }
}