{
  "stats": {
    "suites": 0,
    "tests": 1,
    "passes": 1,
    "pending": 0,
    "failures": 0,
    "start": "2023-07-09T14:27:18.992Z",
    "end": "2023-07-09T14:27:23.928Z",
    "duration": 4936,
    "testsRegistered": 1,
    "passPercent": 100,
    "pendingPercent": 0,
    "other": 0,
    "hasOther": false,
    "skipped": 0,
    "hasSkipped": false
  },
  "results": [
    {
      "uuid": "6cbac22f-0b33-4c8e-bb26-3d64646f98c4",
      "title": "",
      "fullFile": "cypress/integration/crud_from_cart.ts",
      "file": "cypress/integration/crud_from_cart.ts",
      "beforeHooks": [],
      "afterHooks": [],
      "tests": [
        {
          "title": "Test Add Product",
          "fullTitle": "Test Add Product",
          "timedOut": null,
          "duration": 3083,
          "state": "passed",
          "speed": "fast",
          "pass": true,
          "fail": false,
          "pending": false,
          "context": null,
          "code": "loginPage.login(URL, 'standard_user', 'secret_sauce');\nloginPage.assertLogin();\ndashboardPage.sauceLabsBackpack();\naddProducts.clickAddToCart();\naddProducts.clickCart();\naddProducts.assertAddToCart();\nremoveProduct.clickRemoveFromCart();\n// removeProduct.assertRemoveFromCart();",
          "err": {},
          "uuid": "0a6e1693-5e1f-4eb1-88cb-fc93e976c203",
          "parentUUID": "6cbac22f-0b33-4c8e-bb26-3d64646f98c4",
          "isHook": false,
          "skipped": false
        }
      ],
      "suites": [],
      "passes": [
        "0a6e1693-5e1f-4eb1-88cb-fc93e976c203"
      ],
      "failures": [],
      "pending": [],
      "skipped": [],
      "duration": 3083,
      "root": true,
      "rootEmpty": false,
      "_timeout": 2000
    }
  ],
  "meta": {
    "mocha": {
      "version": "7.0.1"
    },
    "mochawesome": {
      "options": {
        "quiet": false,
        "reportFilename": "mochawesome",
        "saveHtml": false,
        "saveJson": true,
        "consoleReporter": "spec",
        "useInlineDiffs": false,
        "code": true
      },
      "version": "7.1.3"
    },
    "marge": {
      "options": {
        "chart": true,
        "overwrite": false,
        "html": false,
        "json": true,
        "reportDir": "cypress/reports"
      },
      "version": "6.2.0"
    }
  }
}